Component mb57 is adding last in adb_menubar
Component mb61 is adding last in mb55
Component mb62 is adding last in mb55
Component mb64#M#findl is adding last in mp_mb57
Component mb66#M#ml is adding last in mp_mb60
Component mb67#M#sm is adding last in mp_mb60
Component mb68#M#pc is adding last in mp_mb60
Component mb69#M#end is adding last in mp_mb60
Component mb70#M#lba is adding last in mp_mb60
Component mb71#M#ll is adding last in mp_mb60
Component mb73#M#ra is adding last in mp_mb61
Component mb74#M#ml is adding last in mp_mb61
Component mb75#M#gi is adding last in mp_mb61
Component mb76#M#bom is adding last in mp_mb61
Component mb77#M#pc is adding last in mp_mb61
Component mb78#M#end is adding last in mp_mb61
Component mb79#M#lba is adding last in mp_mb61
Component mb80#M#ll is adding last in mp_mb61
Component mb82#M#rvc is adding last in mp_mb62
Component mb83#M#vm is adding last in mp_mb62
Component mb84#M#end is adding last in mp_mb62
Component mb85#M#ll is adding last in mp_mb62
